[2023-12-19 10:56:05 INFO  main] [com.green.greengram3.feed.FeedPicsMapperTest] Starting FeedPicsMapperTest using Java 17.0.8.1 with PID 1636 (started by Administrator in D:\Student\Java2023\greengram3)
[2023-12-19 10:56:05 INFO  main] [com.green.greengram3.feed.FeedPicsMapperTest] No active profile set, falling back to 1 default profile: "default"
[2023-12-19 10:56:06 INFO  main] [com.green.greengram3.feed.FeedPicsMapperTest] Started FeedPicsMapperTest in 1.116 seconds (process running for 1.989)
[2023-12-19 10:56:06 INFO  main] [com.zaxxer.hikari.HikariDataSource] HikariPool-1 - Starting...
[2023-12-19 10:56:06 INFO  main] [com.zaxxer.hikari.pool.HikariPool] HikariPool-1 - Added connection org.mariadb.jdbc.Connection@746c411c
[2023-12-19 10:56:06 INFO  main] [com.zaxxer.hikari.HikariDataSource] HikariPool-1 - Start completed.
[2023-12-19 10:56:07 WARN  main] [org.mariadb.jdbc.message.server.ErrorPacket] Error: 1064-42000: You have an error in your SQL syntax; check the manual that corresponds to your MariaDB server version for the right syntax to use near '' at line 3
[2023-12-19 10:56:07 INFO  SpringApplicationShutdownHook] [com.zaxxer.hikari.HikariDataSource] HikariPool-1 - Shutdown initiated...
[2023-12-19 10:56:07 INFO  SpringApplicationShutdownHook] [com.zaxxer.hikari.HikariDataSource] HikariPool-1 - Shutdown completed.
[2023-12-19 10:56:50 INFO  main] [com.green.greengram3.feed.FeedPicsMapperTest] Starting FeedPicsMapperTest using Java 17.0.8.1 with PID 10968 (started by Administrator in D:\Student\Java2023\greengram3)
[2023-12-19 10:56:50 INFO  main] [com.green.greengram3.feed.FeedPicsMapperTest] No active profile set, falling back to 1 default profile: "default"
[2023-12-19 10:56:50 INFO  main] [com.green.greengram3.feed.FeedPicsMapperTest] Started FeedPicsMapperTest in 0.968 seconds (process running for 1.751)
[2023-12-19 10:56:50 INFO  main] [com.zaxxer.hikari.HikariDataSource] HikariPool-1 - Starting...
[2023-12-19 10:56:50 INFO  main] [com.zaxxer.hikari.pool.HikariPool] HikariPool-1 - Added connection org.mariadb.jdbc.Connection@746c411c
[2023-12-19 10:56:50 INFO  main] [com.zaxxer.hikari.HikariDataSource] HikariPool-1 - Start completed.
[2023-12-19 10:56:51 INFO  SpringApplicationShutdownHook] [com.zaxxer.hikari.HikariDataSource] HikariPool-1 - Shutdown initiated...
[2023-12-19 10:56:51 INFO  SpringApplicationShutdownHook] [com.zaxxer.hikari.HikariDataSource] HikariPool-1 - Shutdown completed.
[2023-12-19 10:59:32 INFO  main] [com.green.greengram3.feed.FeedPicsMapperTest] Starting FeedPicsMapperTest using Java 17.0.8.1 with PID 8492 (started by Administrator in D:\Student\Java2023\greengram3)
[2023-12-19 10:59:32 INFO  main] [com.green.greengram3.feed.FeedPicsMapperTest] No active profile set, falling back to 1 default profile: "default"
[2023-12-19 10:59:33 INFO  main] [com.green.greengram3.feed.FeedPicsMapperTest] Started FeedPicsMapperTest in 0.964 seconds (process running for 1.741)
[2023-12-19 10:59:33 INFO  main] [com.zaxxer.hikari.HikariDataSource] HikariPool-1 - Starting...
[2023-12-19 10:59:33 INFO  main] [com.zaxxer.hikari.pool.HikariPool] HikariPool-1 - Added connection org.mariadb.jdbc.Connection@4de79b7d
[2023-12-19 10:59:33 INFO  main] [com.zaxxer.hikari.HikariDataSource] HikariPool-1 - Start completed.
[2023-12-19 10:59:33 WARN  main] [org.mariadb.jdbc.message.server.ErrorPacket] Error: 1054-42S22: Unknown column 'pics' in 'field list'
[2023-12-19 10:59:33 INFO  SpringApplicationShutdownHook] [com.zaxxer.hikari.HikariDataSource] HikariPool-1 - Shutdown initiated...
[2023-12-19 10:59:33 INFO  SpringApplicationShutdownHook] [com.zaxxer.hikari.HikariDataSource] HikariPool-1 - Shutdown completed.
[2023-12-19 11:02:12 INFO  main] [com.green.greengram3.feed.FeedPicsMapperTest] Starting FeedPicsMapperTest using Java 17.0.8.1 with PID 6556 (started by Administrator in D:\Student\Java2023\greengram3)
[2023-12-19 11:02:12 INFO  main] [com.green.greengram3.feed.FeedPicsMapperTest] No active profile set, falling back to 1 default profile: "default"
[2023-12-19 11:02:13 INFO  main] [com.green.greengram3.feed.FeedPicsMapperTest] Started FeedPicsMapperTest in 0.972 seconds (process running for 1.806)
[2023-12-19 11:02:13 INFO  main] [com.zaxxer.hikari.HikariDataSource] HikariPool-1 - Starting...
[2023-12-19 11:02:13 INFO  main] [com.zaxxer.hikari.pool.HikariPool] HikariPool-1 - Added connection org.mariadb.jdbc.Connection@4eaf7902
[2023-12-19 11:02:13 INFO  main] [com.zaxxer.hikari.HikariDataSource] HikariPool-1 - Start completed.
[2023-12-19 11:02:13 INFO  SpringApplicationShutdownHook] [com.zaxxer.hikari.HikariDataSource] HikariPool-1 - Shutdown initiated...
[2023-12-19 11:02:13 INFO  SpringApplicationShutdownHook] [com.zaxxer.hikari.HikariDataSource] HikariPool-1 - Shutdown completed.
[2023-12-19 11:06:05 INFO  main] [com.green.greengram3.feed.FeedPicsMapperTest] Starting FeedPicsMapperTest using Java 17.0.8.1 with PID 3872 (started by Administrator in D:\Student\Java2023\greengram3)
[2023-12-19 11:06:05 INFO  main] [com.green.greengram3.feed.FeedPicsMapperTest] No active profile set, falling back to 1 default profile: "default"
[2023-12-19 11:06:06 INFO  main] [com.green.greengram3.feed.FeedPicsMapperTest] Started FeedPicsMapperTest in 0.975 seconds (process running for 1.787)
[2023-12-19 11:06:06 INFO  main] [com.zaxxer.hikari.HikariDataSource] HikariPool-1 - Starting...
[2023-12-19 11:06:06 INFO  main] [com.zaxxer.hikari.pool.HikariPool] HikariPool-1 - Added connection org.mariadb.jdbc.Connection@9b23822
[2023-12-19 11:06:06 INFO  main] [com.zaxxer.hikari.HikariDataSource] HikariPool-1 - Start completed.
[2023-12-19 11:06:06 INFO  SpringApplicationShutdownHook] [com.zaxxer.hikari.HikariDataSource] HikariPool-1 - Shutdown initiated...
[2023-12-19 11:06:06 INFO  SpringApplicationShutdownHook] [com.zaxxer.hikari.HikariDataSource] HikariPool-1 - Shutdown completed.
[2023-12-19 11:06:54 INFO  main] [com.green.greengram3.feed.FeedPicsMapperTest] Starting FeedPicsMapperTest using Java 17.0.8.1 with PID 2720 (started by Administrator in D:\Student\Java2023\greengram3)
[2023-12-19 11:06:54 INFO  main] [com.green.greengram3.feed.FeedPicsMapperTest] No active profile set, falling back to 1 default profile: "default"
[2023-12-19 11:06:55 INFO  main] [com.green.greengram3.feed.FeedPicsMapperTest] Started FeedPicsMapperTest in 0.952 seconds (process running for 1.784)
[2023-12-19 11:06:55 INFO  main] [com.zaxxer.hikari.HikariDataSource] HikariPool-1 - Starting...
[2023-12-19 11:06:55 INFO  main] [com.zaxxer.hikari.pool.HikariPool] HikariPool-1 - Added connection org.mariadb.jdbc.Connection@4eaf7902
[2023-12-19 11:06:55 INFO  main] [com.zaxxer.hikari.HikariDataSource] HikariPool-1 - Start completed.
[2023-12-19 11:06:55 INFO  SpringApplicationShutdownHook] [com.zaxxer.hikari.HikariDataSource] HikariPool-1 - Shutdown initiated...
[2023-12-19 11:06:55 INFO  SpringApplicationShutdownHook] [com.zaxxer.hikari.HikariDataSource] HikariPool-1 - Shutdown completed.
[2023-12-19 11:07:25 INFO  main] [com.green.greengram3.feed.FeedPicsMapperTest] Starting FeedPicsMapperTest using Java 17.0.8.1 with PID 2600 (started by Administrator in D:\Student\Java2023\greengram3)
[2023-12-19 11:07:25 INFO  main] [com.green.greengram3.feed.FeedPicsMapperTest] No active profile set, falling back to 1 default profile: "default"
[2023-12-19 11:07:26 INFO  main] [com.green.greengram3.feed.FeedPicsMapperTest] Started FeedPicsMapperTest in 0.983 seconds (process running for 1.766)
[2023-12-19 11:07:26 INFO  main] [com.zaxxer.hikari.HikariDataSource] HikariPool-1 - Starting...
[2023-12-19 11:07:26 INFO  main] [com.zaxxer.hikari.pool.HikariPool] HikariPool-1 - Added connection org.mariadb.jdbc.Connection@4de79b7d
[2023-12-19 11:07:26 INFO  main] [com.zaxxer.hikari.HikariDataSource] HikariPool-1 - Start completed.
[2023-12-19 11:07:27 INFO  SpringApplicationShutdownHook] [com.zaxxer.hikari.HikariDataSource] HikariPool-1 - Shutdown initiated...
[2023-12-19 11:07:27 INFO  SpringApplicationShutdownHook] [com.zaxxer.hikari.HikariDataSource] HikariPool-1 - Shutdown completed.
[2023-12-19 11:07:32 INFO  main] [com.green.greengram3.feed.FeedPicsMapperTest] Starting FeedPicsMapperTest using Java 17.0.8.1 with PID 3064 (started by Administrator in D:\Student\Java2023\greengram3)
[2023-12-19 11:07:32 INFO  main] [com.green.greengram3.feed.FeedPicsMapperTest] No active profile set, falling back to 1 default profile: "default"
[2023-12-19 11:07:32 INFO  main] [com.green.greengram3.feed.FeedPicsMapperTest] Started FeedPicsMapperTest in 0.978 seconds (process running for 1.749)
[2023-12-19 11:07:32 INFO  main] [com.zaxxer.hikari.HikariDataSource] HikariPool-1 - Starting...
[2023-12-19 11:07:32 INFO  main] [com.zaxxer.hikari.pool.HikariPool] HikariPool-1 - Added connection org.mariadb.jdbc.Connection@60f21960
[2023-12-19 11:07:32 INFO  main] [com.zaxxer.hikari.HikariDataSource] HikariPool-1 - Start completed.
[2023-12-19 11:07:33 INFO  SpringApplicationShutdownHook] [com.zaxxer.hikari.HikariDataSource] HikariPool-1 - Shutdown initiated...
[2023-12-19 11:07:33 INFO  SpringApplicationShutdownHook] [com.zaxxer.hikari.HikariDataSource] HikariPool-1 - Shutdown completed.
[2023-12-19 11:08:06 INFO  main] [com.green.greengram3.feed.FeedPicsMapperTest] Starting FeedPicsMapperTest using Java 17.0.8.1 with PID 1384 (started by Administrator in D:\Student\Java2023\greengram3)
[2023-12-19 11:08:06 INFO  main] [com.green.greengram3.feed.FeedPicsMapperTest] No active profile set, falling back to 1 default profile: "default"
[2023-12-19 11:08:07 INFO  main] [com.green.greengram3.feed.FeedPicsMapperTest] Started FeedPicsMapperTest in 0.953 seconds (process running for 1.716)
[2023-12-19 11:08:07 INFO  main] [com.zaxxer.hikari.HikariDataSource] HikariPool-1 - Starting...
[2023-12-19 11:08:07 INFO  main] [com.zaxxer.hikari.pool.HikariPool] HikariPool-1 - Added connection org.mariadb.jdbc.Connection@423a0e1d
[2023-12-19 11:08:07 INFO  main] [com.zaxxer.hikari.HikariDataSource] HikariPool-1 - Start completed.
[2023-12-19 11:08:07 INFO  SpringApplicationShutdownHook] [com.zaxxer.hikari.HikariDataSource] HikariPool-1 - Shutdown initiated...
[2023-12-19 11:08:07 INFO  SpringApplicationShutdownHook] [com.zaxxer.hikari.HikariDataSource] HikariPool-1 - Shutdown completed.
[2023-12-19 11:10:33 INFO  main] [com.green.greengram3.feed.FeedPicsMapperTest] Starting FeedPicsMapperTest using Java 17.0.8.1 with PID 7748 (started by Administrator in D:\Student\Java2023\greengram3)
[2023-12-19 11:10:33 INFO  main] [com.green.greengram3.feed.FeedPicsMapperTest] No active profile set, falling back to 1 default profile: "default"
[2023-12-19 11:10:33 INFO  main] [com.green.greengram3.feed.FeedPicsMapperTest] Started FeedPicsMapperTest in 0.935 seconds (process running for 1.719)
[2023-12-19 11:10:33 INFO  main] [com.zaxxer.hikari.HikariDataSource] HikariPool-1 - Starting...
[2023-12-19 11:10:33 INFO  main] [com.zaxxer.hikari.pool.HikariPool] HikariPool-1 - Added connection org.mariadb.jdbc.Connection@52ae997b
[2023-12-19 11:10:33 INFO  main] [com.zaxxer.hikari.HikariDataSource] HikariPool-1 - Start completed.
[2023-12-19 11:10:34 WARN  main] [org.mariadb.jdbc.message.server.ErrorPacket] Error: 1452-23000: Cannot add or update a child row: a foreign key constraint fails (`greengram3`.`t_feed_pics`, CONSTRAINT `t_feed_pics_ibfk_1` FOREIGN KEY (`ifeed`) REFERENCES `t_feed` (`ifeed`))
[2023-12-19 11:10:34 INFO  SpringApplicationShutdownHook] [com.zaxxer.hikari.HikariDataSource] HikariPool-1 - Shutdown initiated...
[2023-12-19 11:10:34 INFO  SpringApplicationShutdownHook] [com.zaxxer.hikari.HikariDataSource] HikariPool-1 - Shutdown completed.
[2023-12-19 11:10:49 INFO  main] [com.green.greengram3.feed.FeedPicsMapperTest] Starting FeedPicsMapperTest using Java 17.0.8.1 with PID 1496 (started by Administrator in D:\Student\Java2023\greengram3)
[2023-12-19 11:10:49 INFO  main] [com.green.greengram3.feed.FeedPicsMapperTest] No active profile set, falling back to 1 default profile: "default"
[2023-12-19 11:10:50 INFO  main] [com.green.greengram3.feed.FeedPicsMapperTest] Started FeedPicsMapperTest in 0.958 seconds (process running for 1.764)
[2023-12-19 11:10:50 INFO  main] [com.zaxxer.hikari.HikariDataSource] HikariPool-1 - Starting...
[2023-12-19 11:10:50 INFO  main] [com.zaxxer.hikari.pool.HikariPool] HikariPool-1 - Added connection org.mariadb.jdbc.Connection@9b23822
[2023-12-19 11:10:50 INFO  main] [com.zaxxer.hikari.HikariDataSource] HikariPool-1 - Start completed.
[2023-12-19 11:10:51 INFO  SpringApplicationShutdownHook] [com.zaxxer.hikari.HikariDataSource] HikariPool-1 - Shutdown initiated...
[2023-12-19 11:10:51 INFO  SpringApplicationShutdownHook] [com.zaxxer.hikari.HikariDataSource] HikariPool-1 - Shutdown completed.
[2023-12-19 11:12:39 INFO  main] [com.green.greengram3.feed.FeedPicsMapperTest] Starting FeedPicsMapperTest using Java 17.0.8.1 with PID 532 (started by Administrator in D:\Student\Java2023\greengram3)
[2023-12-19 11:12:39 INFO  main] [com.green.greengram3.feed.FeedPicsMapperTest] No active profile set, falling back to 1 default profile: "default"
[2023-12-19 11:12:40 INFO  main] [com.green.greengram3.feed.FeedPicsMapperTest] Started FeedPicsMapperTest in 0.961 seconds (process running for 1.723)
[2023-12-19 11:12:40 INFO  main] [com.zaxxer.hikari.HikariDataSource] HikariPool-1 - Starting...
[2023-12-19 11:12:40 INFO  main] [com.zaxxer.hikari.pool.HikariPool] HikariPool-1 - Added connection org.mariadb.jdbc.Connection@32d418a9
[2023-12-19 11:12:40 INFO  main] [com.zaxxer.hikari.HikariDataSource] HikariPool-1 - Start completed.
[2023-12-19 11:12:41 INFO  SpringApplicationShutdownHook] [com.zaxxer.hikari.HikariDataSource] HikariPool-1 - Shutdown initiated...
[2023-12-19 11:12:41 INFO  SpringApplicationShutdownHook] [com.zaxxer.hikari.HikariDataSource] HikariPool-1 - Shutdown completed.
[2023-12-19 11:14:48 INFO  main] [com.green.greengram3.feed.FeedPicsMapperTest] Starting FeedPicsMapperTest using Java 17.0.8.1 with PID 1008 (started by Administrator in D:\Student\Java2023\greengram3)
[2023-12-19 11:14:48 INFO  main] [com.green.greengram3.feed.FeedPicsMapperTest] No active profile set, falling back to 1 default profile: "default"
[2023-12-19 11:14:49 INFO  main] [com.green.greengram3.feed.FeedPicsMapperTest] Started FeedPicsMapperTest in 0.965 seconds (process running for 1.74)
[2023-12-19 11:14:49 INFO  main] [com.zaxxer.hikari.HikariDataSource] HikariPool-1 - Starting...
[2023-12-19 11:14:49 INFO  main] [com.zaxxer.hikari.pool.HikariPool] HikariPool-1 - Added connection org.mariadb.jdbc.Connection@5a515e5d
[2023-12-19 11:14:49 INFO  main] [com.zaxxer.hikari.HikariDataSource] HikariPool-1 - Start completed.
[2023-12-19 11:14:49 INFO  SpringApplicationShutdownHook] [com.zaxxer.hikari.HikariDataSource] HikariPool-1 - Shutdown initiated...
[2023-12-19 11:14:49 INFO  SpringApplicationShutdownHook] [com.zaxxer.hikari.HikariDataSource] HikariPool-1 - Shutdown completed.
[2023-12-19 11:19:43 INFO  main] [com.green.greengram3.feed.FeedPicsMapperTest] Starting FeedPicsMapperTest using Java 17.0.8.1 with PID 6380 (started by Administrator in D:\Student\Java2023\greengram3)
[2023-12-19 11:19:43 INFO  main] [com.green.greengram3.feed.FeedPicsMapperTest] No active profile set, falling back to 1 default profile: "default"
[2023-12-19 11:19:43 INFO  main] [com.green.greengram3.feed.FeedPicsMapperTest] Started FeedPicsMapperTest in 0.958 seconds (process running for 1.737)
[2023-12-19 11:19:43 INFO  main] [com.zaxxer.hikari.HikariDataSource] HikariPool-1 - Starting...
[2023-12-19 11:19:43 INFO  main] [com.zaxxer.hikari.pool.HikariPool] HikariPool-1 - Added connection org.mariadb.jdbc.Connection@79476a4e
[2023-12-19 11:19:43 INFO  main] [com.zaxxer.hikari.HikariDataSource] HikariPool-1 - Start completed.
[2023-12-19 11:19:44 INFO  SpringApplicationShutdownHook] [com.zaxxer.hikari.HikariDataSource] HikariPool-1 - Shutdown initiated...
[2023-12-19 11:19:44 INFO  SpringApplicationShutdownHook] [com.zaxxer.hikari.HikariDataSource] HikariPool-1 - Shutdown completed.
[2023-12-19 11:20:38 INFO  main] [com.green.greengram3.feed.FeedPicsMapperTest] Starting FeedPicsMapperTest using Java 17.0.8.1 with PID 9312 (started by Administrator in D:\Student\Java2023\greengram3)
[2023-12-19 11:20:38 INFO  main] [com.green.greengram3.feed.FeedPicsMapperTest] No active profile set, falling back to 1 default profile: "default"
[2023-12-19 11:20:38 INFO  main] [com.green.greengram3.feed.FeedPicsMapperTest] Started FeedPicsMapperTest in 0.98 seconds (process running for 1.749)
[2023-12-19 11:20:38 INFO  main] [com.zaxxer.hikari.HikariDataSource] HikariPool-1 - Starting...
[2023-12-19 11:20:38 INFO  main] [com.zaxxer.hikari.pool.HikariPool] HikariPool-1 - Added connection org.mariadb.jdbc.Connection@1a01d7f0
[2023-12-19 11:20:38 INFO  main] [com.zaxxer.hikari.HikariDataSource] HikariPool-1 - Start completed.
[2023-12-19 11:20:39 WARN  main] [org.mariadb.jdbc.message.server.ErrorPacket] Error: 1452-23000: Cannot add or update a child row: a foreign key constraint fails (`greengram3`.`t_feed_pics`, CONSTRAINT `t_feed_pics_ibfk_1` FOREIGN KEY (`ifeed`) REFERENCES `t_feed` (`ifeed`))
[2023-12-19 11:20:39 INFO  SpringApplicationShutdownHook] [com.zaxxer.hikari.HikariDataSource] HikariPool-1 - Shutdown initiated...
[2023-12-19 11:20:39 INFO  SpringApplicationShutdownHook] [com.zaxxer.hikari.HikariDataSource] HikariPool-1 - Shutdown completed.
[2023-12-19 11:24:25 INFO  main] [com.green.greengram3.feed.FeedPicsMapperTest] Starting FeedPicsMapperTest using Java 17.0.8.1 with PID 5216 (started by Administrator in D:\Student\Java2023\greengram3)
[2023-12-19 11:24:25 INFO  main] [com.green.greengram3.feed.FeedPicsMapperTest] No active profile set, falling back to 1 default profile: "default"
[2023-12-19 11:24:26 INFO  main] [com.green.greengram3.feed.FeedPicsMapperTest] Started FeedPicsMapperTest in 0.953 seconds (process running for 1.724)
[2023-12-19 11:24:26 INFO  main] [com.zaxxer.hikari.HikariDataSource] HikariPool-1 - Starting...
[2023-12-19 11:24:26 INFO  main] [com.zaxxer.hikari.pool.HikariPool] HikariPool-1 - Added connection org.mariadb.jdbc.Connection@6a6c7f42
[2023-12-19 11:24:26 INFO  main] [com.zaxxer.hikari.HikariDataSource] HikariPool-1 - Start completed.
[2023-12-19 11:24:27 WARN  main] [org.mariadb.jdbc.message.server.ErrorPacket] Error: 1452-23000: Cannot add or update a child row: a foreign key constraint fails (`greengram3`.`t_feed_pics`, CONSTRAINT `t_feed_pics_ibfk_1` FOREIGN KEY (`ifeed`) REFERENCES `t_feed` (`ifeed`))
[2023-12-19 11:24:27 INFO  SpringApplicationShutdownHook] [com.zaxxer.hikari.HikariDataSource] HikariPool-1 - Shutdown initiated...
[2023-12-19 11:24:27 INFO  SpringApplicationShutdownHook] [com.zaxxer.hikari.HikariDataSource] HikariPool-1 - Shutdown completed.
[2023-12-19 11:26:12 INFO  main] [com.green.greengram3.feed.FeedPicsMapperTest] Starting FeedPicsMapperTest using Java 17.0.8.1 with PID 3860 (started by Administrator in D:\Student\Java2023\greengram3)
[2023-12-19 11:26:12 INFO  main] [com.green.greengram3.feed.FeedPicsMapperTest] No active profile set, falling back to 1 default profile: "default"
[2023-12-19 11:26:12 INFO  main] [com.green.greengram3.feed.FeedPicsMapperTest] Started FeedPicsMapperTest in 0.972 seconds (process running for 1.742)
[2023-12-19 11:26:12 INFO  main] [com.zaxxer.hikari.HikariDataSource] HikariPool-1 - Starting...
[2023-12-19 11:26:12 INFO  main] [com.zaxxer.hikari.pool.HikariPool] HikariPool-1 - Added connection org.mariadb.jdbc.Connection@4eaf7902
[2023-12-19 11:26:12 INFO  main] [com.zaxxer.hikari.HikariDataSource] HikariPool-1 - Start completed.
[2023-12-19 11:26:13 INFO  SpringApplicationShutdownHook] [com.zaxxer.hikari.HikariDataSource] HikariPool-1 - Shutdown initiated...
[2023-12-19 11:26:13 INFO  SpringApplicationShutdownHook] [com.zaxxer.hikari.HikariDataSource] HikariPool-1 - Shutdown completed.
[2023-12-19 11:27:59 INFO  main] [com.green.greengram3.feed.FeedPicsMapperTest] Starting FeedPicsMapperTest using Java 17.0.8.1 with PID 4524 (started by Administrator in D:\Student\Java2023\greengram3)
[2023-12-19 11:27:59 INFO  main] [com.green.greengram3.feed.FeedPicsMapperTest] No active profile set, falling back to 1 default profile: "default"
[2023-12-19 11:27:59 INFO  main] [com.green.greengram3.feed.FeedPicsMapperTest] Started FeedPicsMapperTest in 0.945 seconds (process running for 1.714)
[2023-12-19 11:27:59 INFO  main] [com.zaxxer.hikari.HikariDataSource] HikariPool-1 - Starting...
[2023-12-19 11:28:00 INFO  main] [com.zaxxer.hikari.pool.HikariPool] HikariPool-1 - Added connection org.mariadb.jdbc.Connection@f557c37
[2023-12-19 11:28:00 INFO  main] [com.zaxxer.hikari.HikariDataSource] HikariPool-1 - Start completed.
[2023-12-19 11:28:00 INFO  SpringApplicationShutdownHook] [com.zaxxer.hikari.HikariDataSource] HikariPool-1 - Shutdown initiated...
[2023-12-19 11:28:00 INFO  SpringApplicationShutdownHook] [com.zaxxer.hikari.HikariDataSource] HikariPool-1 - Shutdown completed.
[2023-12-19 11:28:49 INFO  main] [com.green.greengram3.feed.FeedPicsMapperTest] Starting FeedPicsMapperTest using Java 17.0.8.1 with PID 10396 (started by Administrator in D:\Student\Java2023\greengram3)
[2023-12-19 11:28:49 INFO  main] [com.green.greengram3.feed.FeedPicsMapperTest] No active profile set, falling back to 1 default profile: "default"
[2023-12-19 11:28:49 INFO  main] [com.green.greengram3.feed.FeedPicsMapperTest] Started FeedPicsMapperTest in 0.963 seconds (process running for 1.746)
[2023-12-19 11:28:49 INFO  main] [com.zaxxer.hikari.HikariDataSource] HikariPool-1 - Starting...
[2023-12-19 11:28:49 INFO  main] [com.zaxxer.hikari.pool.HikariPool] HikariPool-1 - Added connection org.mariadb.jdbc.Connection@7e15f4d4
[2023-12-19 11:28:49 INFO  main] [com.zaxxer.hikari.HikariDataSource] HikariPool-1 - Start completed.
[2023-12-19 11:28:50 INFO  SpringApplicationShutdownHook] [com.zaxxer.hikari.HikariDataSource] HikariPool-1 - Shutdown initiated...
[2023-12-19 11:28:50 INFO  SpringApplicationShutdownHook] [com.zaxxer.hikari.HikariDataSource] HikariPool-1 - Shutdown completed.
[2023-12-19 11:37:02 INFO  main] [com.green.greengram3.feed.FeedPicsMapperTest] Starting FeedPicsMapperTest using Java 17.0.8.1 with PID 3940 (started by Administrator in D:\Student\Java2023\greengram3)
[2023-12-19 11:37:02 INFO  main] [com.green.greengram3.feed.FeedPicsMapperTest] No active profile set, falling back to 1 default profile: "default"
[2023-12-19 11:37:02 INFO  main] [com.green.greengram3.feed.FeedPicsMapperTest] Started FeedPicsMapperTest in 0.948 seconds (process running for 1.724)
[2023-12-19 11:37:02 INFO  main] [com.zaxxer.hikari.HikariDataSource] HikariPool-1 - Starting...
[2023-12-19 11:37:02 INFO  main] [com.zaxxer.hikari.pool.HikariPool] HikariPool-1 - Added connection org.mariadb.jdbc.Connection@71aaf151
[2023-12-19 11:37:02 INFO  main] [com.zaxxer.hikari.HikariDataSource] HikariPool-1 - Start completed.
[2023-12-19 11:37:03 INFO  SpringApplicationShutdownHook] [com.zaxxer.hikari.HikariDataSource] HikariPool-1 - Shutdown initiated...
[2023-12-19 11:37:03 INFO  SpringApplicationShutdownHook] [com.zaxxer.hikari.HikariDataSource] HikariPool-1 - Shutdown completed.
[2023-12-19 11:45:10 INFO  main] [com.green.greengram3.feed.FeedPicsMapperTest] Starting FeedPicsMapperTest using Java 17.0.8.1 with PID 6592 (started by Administrator in D:\Student\Java2023\greengram3)
[2023-12-19 11:45:10 INFO  main] [com.green.greengram3.feed.FeedPicsMapperTest] No active profile set, falling back to 1 default profile: "default"
[2023-12-19 11:45:11 INFO  main] [com.green.greengram3.feed.FeedPicsMapperTest] Started FeedPicsMapperTest in 0.974 seconds (process running for 1.746)
[2023-12-19 11:45:11 INFO  main] [com.zaxxer.hikari.HikariDataSource] HikariPool-1 - Starting...
[2023-12-19 11:45:11 INFO  main] [com.zaxxer.hikari.pool.HikariPool] HikariPool-1 - Added connection org.mariadb.jdbc.Connection@f557c37
[2023-12-19 11:45:11 INFO  main] [com.zaxxer.hikari.HikariDataSource] HikariPool-1 - Start completed.
[2023-12-19 11:45:11 INFO  SpringApplicationShutdownHook] [com.zaxxer.hikari.HikariDataSource] HikariPool-1 - Shutdown initiated...
[2023-12-19 11:45:11 INFO  SpringApplicationShutdownHook] [com.zaxxer.hikari.HikariDataSource] HikariPool-1 - Shutdown completed.
